Library/Bee/Android/Prj/Mono2x/Gradle/launcher/build/intermediates/manifest_merge_blame_file/release/manifest-merger-blame-release-report.txt
1<?xml version="1.0" encoding="utf-8"?>
2<manifest xmlns:android="http://schemas.android.com/apk/res/android"
3    package="com.aaa.AAA"
4    android:installLocation="preferExternal"
5    android:versionCode="1"
6    android:versionName="1" >
7
8    <uses-sdk
9        android:minSdkVersion="22"
9-->src\main\AndroidManifest.xml
10        android:targetSdkVersion="32" />
10-->src\main\AndroidManifest.xml
11
12    <supports-screens
12-->src\main\AndroidManifest.xml:4:3-163
13        android:anyDensity="true"
13-->src\main\AndroidManifest.xml:4:135-160
14        android:largeScreens="true"
14-->src\main\AndroidManifest.xml:4:78-105
15        android:normalScreens="true"
15-->src\main\AndroidManifest.xml:4:49-77
16        android:smallScreens="true"
16-->src\main\AndroidManifest.xml:4:21-48
17        android:xlargeScreens="true" />
17-->src\main\AndroidManifest.xml:4:106-134
18
19    <uses-permission android:name="android.permission.INTERNET" />
19-->[:unityLibrary] AndroidManifest.xml:10:5-67
19-->[:unityLibrary] AndroidManifest.xml:10:22-64
20
21    <uses-feature android:glEsVersion="0x00020000" />
21-->[:unityLibrary] AndroidManifest.xml:12:5-54
21-->[:unityLibrary] AndroidManifest.xml:12:19-51
22    <uses-feature
22-->[:unityLibrary] AndroidManifest.xml:13:5-15:36
23        android:name="android.hardware.touchscreen"
23-->[:unityLibrary] AndroidManifest.xml:14:9-52
24        android:required="false" />
24-->[:unityLibrary] AndroidManifest.xml:15:9-33
25    <uses-feature
25-->[:unityLibrary] AndroidManifest.xml:16:5-18:36
26        android:name="android.hardware.touchscreen.multitouch"
26-->[:unityLibrary] AndroidManifest.xml:17:9-63
27        android:required="false" />
27-->[:unityLibrary] AndroidManifest.xml:18:9-33
28    <uses-feature
28-->[:unityLibrary] AndroidManifest.xml:19:5-21:36
29        android:name="android.hardware.touchscreen.multitouch.distinct"
29-->[:unityLibrary] AndroidManifest.xml:20:9-72
30        android:required="false" />
30-->[:unityLibrary] AndroidManifest.xml:21:9-33
31
32    <uses-permission android:name="android.permission.ACCESS_NETWORK_STATE" />
32-->[:UnityAds:] AndroidManifest.xml:9:5-79
32-->[:UnityAds:] AndroidManifest.xml:9:22-76
33    <uses-permission android:name="com.google.android.gms.permission.AD_ID" />
33-->[:UnityAds:] AndroidManifest.xml:11:5-79
33-->[:UnityAds:] AndroidManifest.xml:11:22-76
34    <uses-permission android:name="com.android.vending.BILLING" />
34-->[:billing-5.2.1:] AndroidManifest.xml:10:5-67
34-->[:billing-5.2.1:] AndroidManifest.xml:10:22-64
35    <!--
36    This has been added to conform with requirement from Android 11 (API level 30) onwards
37    (http://screen/9iGdBMRWDmVbRJ6), after getting confirmation in http://yaqs/995038231927980032#a1
38    -->
39    <queries>
39-->[:billing-5.2.1:] AndroidManifest.xml:16:5-20:15
40        <intent>
40-->[:billing-5.2.1:] AndroidManifest.xml:17:9-19:18
41            <action android:name="com.android.vending.billing.InAppBillingService.BIND" />
41-->[:billing-5.2.1:] AndroidManifest.xml:18:13-91
41-->[:billing-5.2.1:] AndroidManifest.xml:18:21-88
42        </intent>
43    </queries>
44
45    <application
45-->src\main\AndroidManifest.xml:3:3-121
46        android:banner="@drawable/app_banner"
46-->src\main\AndroidManifest.xml:3:81-118
47        android:extractNativeLibs="true"
47-->[:unityLibrary] AndroidManifest.xml:24:9-41
48        android:icon="@mipmap/app_icon"
48-->src\main\AndroidManifest.xml:3:49-80
49        android:isGame="true"
49-->[:unityLibrary] AndroidManifest.xml:25:9-30
50        android:label="@string/app_name" >
50-->src\main\AndroidManifest.xml:3:16-48
51        <meta-data
51-->[:unityLibrary] AndroidManifest.xml:26:9-28:33
52            android:name="unity.splash-mode"
52-->[:unityLibrary] AndroidManifest.xml:27:13-45
53            android:value="0" />
53-->[:unityLibrary] AndroidManifest.xml:28:13-30
54        <meta-data
54-->[:unityLibrary] AndroidManifest.xml:29:9-31:36
55            android:name="unity.splash-enable"
55-->[:unityLibrary] AndroidManifest.xml:30:13-47
56            android:value="True" />
56-->[:unityLibrary] AndroidManifest.xml:31:13-33
57        <meta-data
57-->[:unityLibrary] AndroidManifest.xml:32:9-34:36
58            android:name="unity.launch-fullscreen"
58-->[:unityLibrary] AndroidManifest.xml:33:13-51
59            android:value="True" />
59-->[:unityLibrary] AndroidManifest.xml:34:13-33
60        <meta-data
60-->[:unityLibrary] AndroidManifest.xml:35:9-37:37
61            android:name="unity.render-outside-safearea"
61-->[:unityLibrary] AndroidManifest.xml:36:13-57
62            android:value="False" />
62-->[:unityLibrary] AndroidManifest.xml:37:13-34
63        <meta-data
63-->[:unityLibrary] AndroidManifest.xml:38:9-40:36
64            android:name="unity.auto-report-fully-drawn"
64-->[:unityLibrary] AndroidManifest.xml:39:13-57
65            android:value="true" />
65-->[:unityLibrary] AndroidManifest.xml:40:13-33
66
67        <activity
67-->[:unityLibrary] AndroidManifest.xml:42:9-61:20
68            android:name="com.unity3d.player.UnityPlayerActivity"
68-->[:unityLibrary] AndroidManifest.xml:43:13-66
69            android:configChanges="mcc|mnc|locale|touchscreen|keyboard|keyboardHidden|navigation|orientation|screenLayout|uiMode|screenSize|smallestScreenSize|fontScale|layoutDirection|density"
69-->[:unityLibrary] AndroidManifest.xml:44:13-194
70            android:exported="true"
70-->[:unityLibrary] AndroidManifest.xml:45:13-36
71            android:hardwareAccelerated="false"
71-->[:unityLibrary] AndroidManifest.xml:46:13-48
72            android:launchMode="singleTask"
72-->[:unityLibrary] AndroidManifest.xml:47:13-44
73            android:resizeableActivity="false"
73-->[:unityLibrary] AndroidManifest.xml:48:13-47
74            android:screenOrientation="fullUser"
74-->[:unityLibrary] AndroidManifest.xml:49:13-49
75            android:theme="@style/UnityThemeSelector" >
75-->[:unityLibrary] AndroidManifest.xml:50:13-54
76            <intent-filter>
76-->[:unityLibrary] AndroidManifest.xml:51:13-56:29
77                <category android:name="android.intent.category.LAUNCHER" />
77-->[:unityLibrary] AndroidManifest.xml:52:17-77
77-->[:unityLibrary] AndroidManifest.xml:52:27-74
78                <category android:name="android.intent.category.LEANBACK_LAUNCHER" />
78-->[:unityLibrary] AndroidManifest.xml:53:17-86
78-->[:unityLibrary] AndroidManifest.xml:53:27-83
79
80                <action android:name="android.intent.action.MAIN" />
80-->[:unityLibrary] AndroidManifest.xml:55:17-69
80-->[:unityLibrary] AndroidManifest.xml:55:25-66
81            </intent-filter>
82
83            <meta-data
83-->[:unityLibrary] AndroidManifest.xml:58:13-60:40
84                android:name="unityplayer.UnityActivity"
84-->[:unityLibrary] AndroidManifest.xml:59:17-57
85                android:value="true" />
85-->[:unityLibrary] AndroidManifest.xml:60:17-37
86        </activity>
87        <activity
87-->[:UnityAds:] AndroidManifest.xml:14:9-18:74
88            android:name="com.unity3d.services.ads.adunit.AdUnitActivity"
88-->[:UnityAds:] AndroidManifest.xml:15:13-74
89            android:configChanges="fontScale|keyboard|keyboardHidden|locale|mnc|mcc|navigation|orientation|screenLayout|screenSize|smallestScreenSize|uiMode|touchscreen"
89-->[:UnityAds:] AndroidManifest.xml:16:13-170
90            android:hardwareAccelerated="true"
90-->[:UnityAds:] AndroidManifest.xml:17:13-47
91            android:theme="@android:style/Theme.NoTitleBar.Fullscreen" />
91-->[:UnityAds:] AndroidManifest.xml:18:13-71
92        <activity
92-->[:UnityAds:] AndroidManifest.xml:19:9-23:86
93            android:name="com.unity3d.services.ads.adunit.AdUnitTransparentActivity"
93-->[:UnityAds:] AndroidManifest.xml:20:13-85
94            android:configChanges="fontScale|keyboard|keyboardHidden|locale|mnc|mcc|navigation|orientation|screenLayout|screenSize|smallestScreenSize|uiMode|touchscreen"
94-->[:UnityAds:] AndroidManifest.xml:21:13-170
95            android:hardwareAccelerated="true"
95-->[:UnityAds:] AndroidManifest.xml:22:13-47
96            android:theme="@android:style/Theme.Translucent.NoTitleBar.Fullscreen" />
96-->[:UnityAds:] AndroidManifest.xml:23:13-83
97        <activity
97-->[:UnityAds:] AndroidManifest.xml:24:9-28:86
98            android:name="com.unity3d.services.ads.adunit.AdUnitTransparentSoftwareActivity"
98-->[:UnityAds:] AndroidManifest.xml:25:13-93
99            android:configChanges="fontScale|keyboard|keyboardHidden|locale|mnc|mcc|navigation|orientation|screenLayout|screenSize|smallestScreenSize|uiMode|touchscreen"
99-->[:UnityAds:] AndroidManifest.xml:26:13-170
100            android:hardwareAccelerated="false"
100-->[:UnityAds:] AndroidManifest.xml:27:13-48
101            android:theme="@android:style/Theme.Translucent.NoTitleBar.Fullscreen" />
101-->[:UnityAds:] AndroidManifest.xml:28:13-83
102        <activity
102-->[:UnityAds:] AndroidManifest.xml:29:9-33:74
103            android:name="com.unity3d.services.ads.adunit.AdUnitSoftwareActivity"
103-->[:UnityAds:] AndroidManifest.xml:30:13-82
104            android:configChanges="fontScale|keyboard|keyboardHidden|locale|mnc|mcc|navigation|orientation|screenLayout|screenSize|smallestScreenSize|uiMode|touchscreen"
104-->[:UnityAds:] AndroidManifest.xml:31:13-170
105            android:hardwareAccelerated="false"
105-->[:UnityAds:] AndroidManifest.xml:32:13-48
106            android:theme="@android:style/Theme.NoTitleBar.Fullscreen" />
106-->[:UnityAds:] AndroidManifest.xml:33:13-71
107
108        <meta-data
108-->[:billing-5.2.1:] AndroidManifest.xml:23:9-25:37
109            android:name="com.google.android.play.billingclient.version"
109-->[:billing-5.2.1:] AndroidManifest.xml:24:13-73
110            android:value="5.2.1" />
110-->[:billing-5.2.1:] AndroidManifest.xml:25:13-34
111
112        <activity
112-->[:billing-5.2.1:] AndroidManifest.xml:27:9-31:75
113            android:name="com.android.billingclient.api.ProxyBillingActivity"
113-->[:billing-5.2.1:] AndroidManifest.xml:28:13-78
114            android:configChanges="keyboard|keyboardHidden|screenLayout|screenSize|orientation"
114-->[:billing-5.2.1:] AndroidManifest.xml:29:13-96
115            android:exported="false"
115-->[:billing-5.2.1:] AndroidManifest.xml:30:13-37
116            android:theme="@android:style/Theme.Translucent.NoTitleBar" />
116-->[:billing-5.2.1:] AndroidManifest.xml:31:13-72
117    </application>
118
119</manifest>